  imgui_impl_dx11.cpp
  imgui_impl_win32.cpp
  imgui.cpp
  imgui_demo.cpp
  imgui_draw.cpp
  imgui_tables.cpp
  imgui_widgets.cpp
  clicker.cpp
  main.cpp
C:\Users\admin\Desktop\clicker\source\main.cpp(3,84): warning C4100: 'nCmdShow': unreferenced formal parameter
C:\Users\admin\Desktop\clicker\source\main.cpp(3,69): warning C4100: 'lpCmdLine': unreferenced formal parameter
C:\Users\admin\Desktop\clicker\source\main.cpp(3,48): warning C4100: 'hPrevInstance': unreferenced formal parameter
C:\Users\admin\Desktop\clicker\source\main.cpp(3,27): warning C4100: 'hInstance': unreferenced formal parameter
  init.cpp
  menu.cpp
  Generating code
C:\Users\admin\Desktop\clicker\source\menu\init.cpp(141): warning C4715: 'Menu::Initialize': not all control paths return a value
  1049 of 1051 functions (99.8%) were compiled, the rest were copied from previous compilation.
    37 functions were new in current compilation
    0 functions had inline decision re-evaluated but remain unchanged
  Finished generating code
  clicker.vcxproj -> C:\Users\admin\Desktop\clicker\builds\x64\Release\clicker.exe
