c:\users\admin\desktop\imgui-master - copy\example_win32_directx11\builds\int\x64\release\vc142.pdb
c:\users\admin\desktop\imgui-master - copy\example_win32_directx11\builds\int\x64\release\menu.obj
c:\users\admin\desktop\imgui-master - copy\example_win32_directx11\builds\int\x64\release\main.obj
c:\users\admin\desktop\imgui-master - copy\example_win32_directx11\builds\int\x64\release\imgui_widgets.obj
c:\users\admin\desktop\imgui-master - copy\example_win32_directx11\builds\int\x64\release\imgui_tables.obj
c:\users\admin\desktop\imgui-master - copy\example_win32_directx11\builds\int\x64\release\imgui_draw.obj
c:\users\admin\desktop\imgui-master - copy\example_win32_directx11\builds\int\x64\release\imgui_demo.obj
c:\users\admin\desktop\imgui-master - copy\example_win32_directx11\builds\int\x64\release\imgui.obj
c:\users\admin\desktop\imgui-master - copy\example_win32_directx11\builds\int\x64\release\imgui_impl_win32.obj
c:\users\admin\desktop\imgui-master - copy\example_win32_directx11\builds\int\x64\release\imgui_impl_dx11.obj
c:\users\admin\desktop\imgui-master - copy\example_win32_directx11\builds\int\x64\release\init.obj
c:\users\admin\desktop\imgui-master - copy\example_win32_directx11\builds\x64\release\clicker.exe
c:\users\admin\desktop\imgui-master - copy\example_win32_directx11\builds\int\x64\release\clicker.ipdb
c:\users\admin\desktop\imgui-master - copy\example_win32_directx11\builds\int\x64\release\clicker.iobj
c:\users\admin\desktop\imgui-master - copy\example_win32_directx11\builds\x64\release\clicker.pdb
c:\users\admin\desktop\imgui-master - copy\example_win32_directx11\builds\int\x64\release\pch.obj
c:\users\admin\desktop\imgui-master - copy\example_win32_directx11\builds\int\x64\release\clicker.pch
c:\users\admin\desktop\imgui-master - copy\example_win32_directx11\builds\int\x64\release\clicker.tlog\cl.command.1.tlog
c:\users\admin\desktop\imgui-master - copy\example_win32_directx11\builds\int\x64\release\clicker.tlog\cl.read.1.tlog
c:\users\admin\desktop\imgui-master - copy\example_win32_directx11\builds\int\x64\release\clicker.tlog\cl.write.1.tlog
c:\users\admin\desktop\imgui-master - copy\example_win32_directx11\builds\int\x64\release\clicker.tlog\link.command.1.tlog
c:\users\admin\desktop\imgui-master - copy\example_win32_directx11\builds\int\x64\release\clicker.tlog\link.read.1.tlog
c:\users\admin\desktop\imgui-master - copy\example_win32_directx11\builds\int\x64\release\clicker.tlog\link.write.1.tlog
